
/home/runner/work/exp-two-degree-freedom-system-nitk/exp-two-degree-freedom-system-nitk/experiment/simulation/js/Input.js
   1:7   warning  'NumberInput' is defined but never used  no-unused-vars
  21:27  warning  'createInput' is not defined             no-undef
  32:31  warning  'createSlider' is not defined            no-undef
  55:13  warning  'position_graph1' is not defined         no-undef
  56:13  warning  'position_graph2' is not defined         no-undef
  73:9   warning  'push' is not defined                    no-undef
  75:9   warning  'fill' is not defined                    no-undef
  76:9   warning  'strokeWeight' is not defined            no-undef
  77:9   warning  'textFont' is not defined                no-undef
  78:9   warning  'textSize' is not defined                no-undef
  79:9   warning  'text' is not defined                    no-undef
  81:9   warning  'pop' is not defined                     no-undef

/home/runner/work/exp-two-degree-freedom-system-nitk/exp-two-degree-freedom-system-nitk/experiment/simulation/js/buttonIcon.js
   1:7  warning  'Button' is defined but never used  no-unused-vars
  18:9  warning  'image' is not defined              no-undef

/home/runner/work/exp-two-degree-freedom-system-nitk/exp-two-degree-freedom-system-nitk/experiment/simulation/js/dynamic_graphs.js
   1:7   warning  'DynamicGraph' is defined but never used  no-unused-vars
  26:25  warning  'map' is not defined                      no-undef
  28:21  warning  'map' is not defined                      no-undef
  28:46  warning  'spring1' is not defined                  no-undef
  40:9   warning  'push' is not defined                     no-undef
  43:13  warning  'beginShape' is not defined               no-undef
  44:13  warning  'stroke' is not defined                   no-undef
  45:13  warning  'strokeWeight' is not defined             no-undef
  46:13  warning  'noFill' is not defined                   no-undef
  49:17  warning  'vertex' is not defined                   no-undef
  51:13  warning  'endShape' is not defined                 no-undef
  54:9   warning  'stroke' is not defined                   no-undef
  55:9   warning  'strokeWeight' is not defined             no-undef
  56:9   warning  'line' is not defined                     no-undef
  57:9   warning  'line' is not defined                     no-undef
  59:9   warning  'strokeWeight' is not defined             no-undef
  60:9   warning  'fill' is not defined                     no-undef
  61:9   warning  'textSize' is not defined                 no-undef
  62:9   warning  'text' is not defined                     no-undef
  63:9   warning  'translate' is not defined                no-undef
  64:9   warning  'rotate' is not defined                   no-undef
  64:16  warning  'radians' is not defined                  no-undef
  65:9   warning  'text' is not defined                     no-undef
  67:9   warning  'pop' is not defined                      no-undef

/home/runner/work/exp-two-degree-freedom-system-nitk/exp-two-degree-freedom-system-nitk/experiment/simulation/js/event_handling.js
   1:10  warning  'handleEvents' is defined but never used  no-unused-vars
   4:9   warning  'button1' is not defined                  no-undef
   4:20  warning  'mouseX' is not defined                   no-undef
   4:28  warning  'mouseY' is not defined                   no-undef
   4:39  warning  'page1' is not defined                    no-undef
   6:13  warning  'animation' is not defined                no-undef
   7:13  warning  'noLoop' is not defined                   no-undef
   8:13  warning  'button1' is not defined                  no-undef
   8:28  warning  'play' is not defined                     no-undef
   9:13  warning  'button1' is not defined                  no-undef
  10:13  warning  'animation' is not defined                no-undef
  11:13  warning  'touch' is not defined                    no-undef
  14:13  warning  'loop' is not defined                     no-undef
  15:13  warning  'button1' is not defined                  no-undef
  15:28  warning  'pause' is not defined                    no-undef
  16:13  warning  'button1' is not defined                  no-undef
  17:13  warning  'animation' is not defined                no-undef
  18:13  warning  'touch' is not defined                    no-undef
  23:9   warning  'button2' is not defined                  no-undef
  23:20  warning  'mouseX' is not defined                   no-undef
  23:28  warning  'mouseY' is not defined                   no-undef
  23:39  warning  'page1' is not defined                    no-undef
  25:9   warning  'runPage2' is not defined                 no-undef
  26:9   warning  'position_graph1' is not defined          no-undef
  27:9   warning  'position_graph2' is not defined          no-undef
  28:9   warning  'page1' is not defined                    no-undef
  29:9   warning  'page2' is not defined                    no-undef
  34:9   warning  'button3' is not defined                  no-undef
  34:20  warning  'mouseX' is not defined                   no-undef
  34:28  warning  'mouseY' is not defined                   no-undef
  34:39  warning  'page2' is not defined                    no-undef
  35:9   warning  'runPage1' is not defined                 no-undef
  36:9   warning  'position_graph1' is not defined          no-undef
  37:9   warning  'position_graph2' is not defined          no-undef
  38:9   warning  'page1' is not defined                    no-undef
  39:9   warning  'page2' is not defined                    no-undef
  42:9   warning  'button4' is not defined                  no-undef
  42:20  warning  'mouseX' is not defined                   no-undef
  42:28  warning  'mouseY' is not defined                   no-undef
  42:39  warning  'page2' is not defined                    no-undef
  43:9   warning  'runPage3' is not defined                 no-undef
  44:9   warning  'position_graph1' is not defined          no-undef
  45:9   warning  'position_graph2' is not defined          no-undef
  46:9   warning  'page3' is not defined                    no-undef
  47:9   warning  'page2' is not defined                    no-undef
  52:9   warning  'button5' is not defined                  no-undef
  52:20  warning  'mouseX' is not defined                   no-undef
  52:27  warning  'mouseY' is not defined                   no-undef
  52:37  warning  'page3' is not defined                    no-undef
  53:9   warning  'runPage2' is not defined                 no-undef
  54:9   warning  'position_graph1' is not defined          no-undef
  55:9   warning  'position_graph2' is not defined          no-undef
  56:9   warning  'page2' is not defined                    no-undef
  57:9   warning  'page3' is not defined                    no-undef
  60:9   warning  'button6' is not defined                  no-undef
  60:20  warning  'mouseX' is not defined                   no-undef
  60:28  warning  'mouseY' is not defined                   no-undef
  60:39  warning  'page3' is not defined                    no-undef
  62:9   warning  'position_graph1' is not defined          no-undef
  63:9   warning  'position_graph2' is not defined          no-undef
  64:9   warning  'runPage4' is not defined                 no-undef
  66:9   warning  'page4' is not defined                    no-undef
  67:9   warning  'page3' is not defined                    no-undef
  68:21  warning  'page4' is not defined                    no-undef
  72:9   warning  'button7' is not defined                  no-undef
  72:20  warning  'mouseX' is not defined                   no-undef
  72:27  warning  'mouseY' is not defined                   no-undef
  72:37  warning  'page4' is not defined                    no-undef
  74:9   warning  'position_graph1' is not defined          no-undef
  75:9   warning  'position_graph2' is not defined          no-undef
  76:9   warning  'runPage2' is not defined                 no-undef
  77:9   warning  'page3' is not defined                    no-undef
  78:9   warning  'page4' is not defined                    no-undef
  79:21  warning  'page4' is not defined                    no-undef

/home/runner/work/exp-two-degree-freedom-system-nitk/exp-two-degree-freedom-system-nitk/experiment/simulation/js/graph.js
   1:7   warning  'Graph' is defined but never used  no-unused-vars
  25:9   warning  't' is not defined                 no-undef
  29:9   warning  'push' is not defined              no-undef
  31:9   warning  'beginShape' is not defined        no-undef
  32:9   warning  'stroke' is not defined            no-undef
  33:9   warning  'strokeWeight' is not defined      no-undef
  34:9   warning  'noFill' is not defined            no-undef
  39:24  warning  'map' is not defined               no-undef
  39:43  warning  'max' is not defined               no-undef
  42:13  warning  'vertex' is not defined            no-undef
  45:17  warning  'vertex' is not defined            no-undef
  49:9   warning  'endShape' is not defined          no-undef
  51:9   warning  'stroke' is not defined            no-undef
  52:9   warning  'strokeWeight' is not defined      no-undef
  53:9   warning  'line' is not defined              no-undef
  54:9   warning  'line' is not defined              no-undef
  55:9   warning  'line' is not defined              no-undef
  57:9   warning  'fill' is not defined              no-undef
  58:9   warning  'strokeWeight' is not defined      no-undef
  59:9   warning  'textSize' is not defined          no-undef
  60:9   warning  'text' is not defined              no-undef
  61:9   warning  'translate' is not defined         no-undef
  62:9   warning  'rotate' is not defined            no-undef
  62:16  warning  'radians' is not defined           no-undef
  63:9   warning  'text' is not defined              no-undef
  65:9   warning  'pop' is not defined               no-undef

/home/runner/work/exp-two-degree-freedom-system-nitk/exp-two-degree-freedom-system-nitk/experiment/simulation/js/p5.dom.js
    29:39  warning  'define' is not defined                          no-undef
    30:5   warning  'define' is not defined                          no-undef
    32:13  warning  'require' is not defined                         no-undef
   214:43  warning  'e' is defined but never used                    no-unused-vars
   289:39  warning  Invalid typeof comparison value                  valid-typeof
   579:20  warning  'i' is already defined                           no-redeclare
   674:13  warning  'ran' is assigned a value but never used         no-unused-vars
   692:18  warning  'i' is already defined                           no-redeclare
   707:18  warning  'i' is already defined                           no-redeclare
   796:7   warning  Move function declaration to function body root  no-inner-declarations
   803:11  warning  Move function declaration to function body root  no-inner-declarations
   810:12  warning  Unnecessary semicolon                            no-extra-semi
   838:9   warning  'src' is already defined                         no-redeclare
  1301:11  warning  'transform' is already defined                   no-redeclare
  1582:20  warning  'prop' is already defined                        no-redeclare

/home/runner/work/exp-two-degree-freedom-system-nitk/exp-two-degree-freedom-system-nitk/experiment/simulation/js/p5.js
      2:73    warning  'module' is not defined                                                    no-undef
      2:128   warning  'define' is not defined                                                    no-undef
      2:140   warning  'define' is not defined                                                    no-undef
      2:244   warning  'global' is not defined                                                    no-undef
      2:341   warning  'module' is defined but never used                                         no-unused-vars
      2:348   warning  'exports' is defined but never used                                        no-unused-vars
      2:452   warning  'require' is not defined                                                   no-undef
      2:752   warning  'require' is not defined                                                   no-undef
      2:819   warning  '_dereq_' is defined but never used                                        no-unused-vars
      2:827   warning  'module' is defined but never used                                         no-unused-vars
      2:834   warning  'exports' is defined but never used                                        no-unused-vars
    521:2     warning  Unnecessary semicolon                                                      no-extra-semi
   1163:66    warning  'global' is not defined                                                    no-undef
   2210:11    warning  'ArrayBuffer' is already defined as a built-in global variable             no-redeclare
   2210:24    warning  'DataView' is already defined as a built-in global variable                no-redeclare
   2210:34    warning  'Uint8Array' is already defined as a built-in global variable              no-redeclare
   2210:46    warning  'XMLHttpRequest' is already defined as a built-in global variable          no-redeclare
   2962:12    warning  Unexpected constant condition                                              no-constant-condition
   3038:15    warning  Do not access Object.prototype method 'hasOwnProperty' from target object  no-prototype-builtins
   4803:35    warning  'value2' is assigned a value but never used                                no-unused-vars
   5897:9     warning  'langTagCount' is assigned a value but never used                          no-unused-vars
   6709:11    warning  'WeakMap' is already defined as a built-in global variable                 no-redeclare
   7323:46    warning  'exports' is defined but never used                                        no-unused-vars
   7495:29    warning  'name' is defined but never used                                           no-unused-vars
   7500:27    warning  'dir' is defined but never used                                            no-unused-vars
   7505:20    warning  '_dereq_' is defined but never used                                        no-unused-vars
   7505:28    warning  'module' is defined but never used                                         no-unused-vars
   7505:35    warning  'exports' is defined but never used                                        no-unused-vars
   7542:40    warning  Do not access Object.prototype method 'isPrototypeOf' from target object   no-prototype-builtins
   7554:28    warning  Unnecessary escape character: \^                                           no-useless-escape
   7620:21    warning  Do not access Object.prototype method 'hasOwnProperty' from target object  no-prototype-builtins
   7629:20    warning  Do not access Object.prototype method 'hasOwnProperty' from target object  no-prototype-builtins
   7718:49    warning  Do not access Object.prototype method 'isPrototypeOf' from target object   no-prototype-builtins
   7720:57    warning  Do not access Object.prototype method 'isPrototypeOf' from target object   no-prototype-builtins
   7722:68    warning  Do not access Object.prototype method 'isPrototypeOf' from target object   no-prototype-builtins
   7728:64    warning  Do not access Object.prototype method 'isPrototypeOf' from target object   no-prototype-builtins
   7739:70    warning  Do not access Object.prototype method 'isPrototypeOf' from target object   no-prototype-builtins
   7968:35    warning  'exports' is defined but never used                                        no-unused-vars
   8062:1291  warning  'exports' is defined but never used                                        no-unused-vars
   8315:52    warning  'exports' is defined but never used                                        no-unused-vars
   8894:91    warning  'exports' is defined but never used                                        no-unused-vars
   9500:99    warning  'exports' is defined but never used                                        no-unused-vars
  10134:91    warning  'exports' is defined but never used                                        no-unused-vars
  10646:98    warning  'exports' is defined but never used                                        no-unused-vars
  10977:63    warning  'exports' is defined but never used                                        no-unused-vars
  11013:51    warning  'exports' is defined but never used                                        no-unused-vars
  11234:35    warning  'exports' is defined but never used                                        no-unused-vars
  11684:20    warning  Do not access Object.prototype method 'hasOwnProperty' from target object  no-prototype-builtins
  11715:27    warning  Do not access Object.prototype method 'hasOwnProperty' from target object  no-prototype-builtins
  11716:20    warning  Do not access Object.prototype method 'hasOwnProperty' from target object  no-prototype-builtins
  11730:16    warning  Do not access Object.prototype method 'hasOwnProperty' from target object  no-prototype-builtins
  11808:37    warning  Do not access Object.prototype method 'hasOwnProperty' from target object  no-prototype-builtins
  11814:40    warning  Do not access Object.prototype method 'hasOwnProperty' from target object  no-prototype-builtins
  11894:63    warning  'exports' is defined but never used                                        no-unused-vars
  12395:67    warning  'exports' is defined but never used                                        no-unused-vars
  13069:63    warning  'exports' is defined but never used                                        no-unused-vars
  13340:63    warning  'exports' is defined but never used                                        no-unused-vars
  14223:46    warning  'exports' is defined but never used                                        no-unused-vars
  14299:63    warning  'exports' is defined but never used                                        no-unused-vars
  14511:14    warning  Expected a conditional expression and instead saw an assignment            no-cond-assign
  14521:69    warning  'exports' is defined but never used                                        no-unused-vars
  15814:118   warning  'exports' is defined but never used                                        no-unused-vars
  16120:116   warning  '_dereq_' is defined but never used                                        no-unused-vars
  16120:124   warning  'module' is defined but never used                                         no-unused-vars
  16120:131   warning  'exports' is defined but never used                                        no-unused-vars
  16129:28    warning  'element' is defined but never used                                        no-unused-vars
  16203:35    warning  'exports' is defined but never used                                        no-unused-vars
  16575:46    warning  'exports' is defined but never used                                        no-unused-vars
  16971:63    warning  'exports' is defined but never used                                        no-unused-vars
  17284:38    warning  'x2' is defined but never used                                             no-unused-vars
  17284:42    warning  'y2' is defined but never used                                             no-unused-vars
  17284:46    warning  'x3' is defined but never used                                             no-unused-vars
  17284:50    warning  'y3' is defined but never used                                             no-unused-vars
  17284:54    warning  'x4' is defined but never used                                             no-unused-vars
  17284:58    warning  'y4' is defined but never used                                             no-unused-vars
  17607:63    warning  'exports' is defined but never used                                        no-unused-vars
  18200:52    warning  'exports' is defined but never used                                        no-unused-vars
  18510:34    warning  'e' is defined but never used                                              no-unused-vars
  18572:18    warning  Do not access Object.prototype method 'hasOwnProperty' from target object  no-prototype-builtins
  18581:52    warning  'exports' is defined but never used                                        no-unused-vars
  19347:75    warning  'exports' is defined but never used                                        no-unused-vars
  19592:52    warning  'exports' is defined but never used                                        no-unused-vars
  19593:10    warning  'ImageData' is already defined as a built-in global variable               no-redeclare
  20195:35    warning  'exports' is defined but never used                                        no-unused-vars
  20212:11    warning  'frames' is already defined as a built-in global variable                  no-redeclare
  20212:11    warning  'frames' is defined but never used                                         no-unused-vars
  20532:52    warning  'exports' is defined but never used                                        no-unused-vars
  20994:137   warning  'exports' is defined but never used                                        no-unused-vars
  21701:67    warning  'exports' is defined but never used                                        no-unused-vars
  22318:90    warning  'exports' is defined but never used                                        no-unused-vars
  22326:12    warning  'Request' is already defined as a built-in global variable                 no-redeclare
  22589:47    warning  Do not access Object.prototype method 'hasOwnProperty' from target object  no-prototype-builtins
  22831:18    warning  Unnecessary escape character: \"                                           no-useless-escape
  22862:12    warning  Unexpected constant condition                                              no-constant-condition
  23205:14    warning  Do not access Object.prototype method 'hasOwnProperty' from target object  no-prototype-builtins
  23274:30    warning  'msg' is defined but never used                                            no-unused-vars
  23446:31    warning  'object' is defined but never used                                         no-unused-vars
  23446:39    warning  '_filename' is defined but never used                                      no-unused-vars
  23446:50    warning  '_options' is defined but never used                                       no-unused-vars
  23708:35    warning  Unnecessary escape character: \"                                           no-useless-escape
  23708:49    warning  Unnecessary escape character: \"                                           no-useless-escape
  23709:14    warning  Unnecessary escape character: \"                                           no-useless-escape
  23709:39    warning  Unnecessary escape character: \"                                           no-useless-escape
  23759:26    warning  Unnecessary escape character: \/                                           no-useless-escape
  23761:17    warning  Unnecessary escape character: \/                                           no-useless-escape
  23803:48    warning  Unnecessary escape character: \"                                           no-useless-escape
  23803:61    warning  Unnecessary escape character: \"                                           no-useless-escape
  23867:146   warning  'exports' is defined but never used                                        no-unused-vars
  23913:22    warning  'rows' is defined but never used                                           no-unused-vars
  24547:25    warning  Unnecessary escape character: \/                                           no-useless-escape
  25026:52    warning  'exports' is defined but never used                                        no-unused-vars
  25196:52    warning  'exports' is defined but never used                                        no-unused-vars
  25995:52    warning  'exports' is defined but never used                                        no-unused-vars
  26744:16    warning  'x' is defined but never used                                              no-unused-vars
  26744:19    warning  'y' is defined but never used                                              no-unused-vars
  26744:22    warning  'z' is defined but never used                                              no-unused-vars
  26785:52    warning  'exports' is defined but never used                                        no-unused-vars
  26819:52    warning  'exports' is defined but never used                                        no-unused-vars
  27122:52    warning  'exports' is defined but never used                                        no-unused-vars
  28177:96    warning  'exports' is defined but never used                                        no-unused-vars
  28191:35    warning  'exports' is defined but never used                                        no-unused-vars
  28438:52    warning  'exports' is defined but never used                                        no-unused-vars
  28796:96    warning  'exports' is defined but never used                                        no-unused-vars
  28847:35    warning  'horizAlign' is defined but never used                                     no-unused-vars
  28847:47    warning  'vertAlign' is defined but never used                                      no-unused-vars
  28880:37    warning  'theLeading' is defined but never used                                     no-unused-vars
  28907:34    warning  'theSize' is defined but never used                                        no-unused-vars
  28938:35    warning  'theStyle' is defined but never used                                       no-unused-vars
  29041:52    warning  'exports' is defined but never used                                        no-unused-vars
  29108:30    warning  'str' is defined but never used                                            no-unused-vars
  29108:35    warning  'x' is defined but never used                                              no-unused-vars
  29108:38    warning  'y' is defined but never used                                              no-unused-vars
  29108:41    warning  'maxWidth' is defined but never used                                       no-unused-vars
  29108:51    warning  'maxHeight' is defined but never used                                      no-unused-vars
  29183:102   warning  'exports' is defined but never used                                        no-unused-vars
  29305:31    warning  'gFontSize' is defined but never used                                      no-unused-vars
  29823:5     warning  Unexpected newline between function and ( of function call                 no-unexpected-multiline
  30076:9     warning  Unexpected newline between function and ( of function call                 no-unexpected-multiline
  30257:75    warning  'exports' is defined but never used                                        no-unused-vars
  30605:52    warning  'exports' is defined but never used                                        no-unused-vars
  30876:52    warning  'exports' is defined but never used                                        no-unused-vars
  31411:52    warning  'exports' is defined but never used                                        no-unused-vars
  31580:52    warning  'exports' is defined but never used                                        no-unused-vars
  31723:52    warning  'exports' is defined but never used                                        no-unused-vars
  31739:52    warning  'exports' is defined but never used                                        no-unused-vars
  31780:38    warning  'v1' is defined but never used                                             no-unused-vars
  31780:42    warning  'v2' is defined but never used                                             no-unused-vars
  31780:46    warning  'v3' is defined but never used                                             no-unused-vars
  31780:50    warning  'a' is defined but never used                                              no-unused-vars
  31846:54    warning  'a' is defined but never used                                              no-unused-vars
  31846:57    warning  'x' is defined but never used                                              no-unused-vars
  31846:60    warning  'y' is defined but never used                                              no-unused-vars
  31846:63    warning  'z' is defined but never used                                              no-unused-vars
  31876:5     warning  Unnecessary try/catch wrapper                                              no-useless-catch
  31947:48    warning  'a' is defined but never used                                              no-unused-vars
  31947:51    warning  'x' is defined but never used                                              no-unused-vars
  31947:54    warning  'y' is defined but never used                                              no-unused-vars
  31947:57    warning  'z' is defined but never used                                              no-unused-vars
  31977:5     warning  Unnecessary try/catch wrapper                                              no-useless-catch
  32008:52    warning  'exports' is defined but never used                                        no-unused-vars
  32241:71    warning  'exports' is defined but never used                                        no-unused-vars
  32488:41    warning  'v1' is defined but never used                                             no-unused-vars
  32488:45    warning  'v2' is defined but never used                                             no-unused-vars
  32488:49    warning  'v3' is defined but never used                                             no-unused-vars
  32488:53    warning  'a' is defined but never used                                              no-unused-vars
  32542:42    warning  'v1' is defined but never used                                             no-unused-vars
  32542:46    warning  'v2' is defined but never used                                             no-unused-vars
  32542:50    warning  'v3' is defined but never used                                             no-unused-vars
  32542:54    warning  'a' is defined but never used                                              no-unused-vars
  32570:53    warning  'v1' is defined but never used                                             no-unused-vars
  32570:56    warning  'v2' is defined but never used                                             no-unused-vars
  32570:59    warning  'v3' is defined but never used                                             no-unused-vars
  32570:62    warning  'a' is defined but never used                                              no-unused-vars
  32589:52    warning  'exports' is defined but never used                                        no-unused-vars
  32769:52    warning  'exports' is defined but never used                                        no-unused-vars
  33479:102   warning  'exports' is defined but never used                                        no-unused-vars
  33552:16    warning  'isCurve' is defined but never used                                        no-unused-vars
  33552:25    warning  'isBezier' is defined but never used                                       no-unused-vars
  33552:34    warning  'isQuadratic' is defined but never used                                    no-unused-vars
  33552:47    warning  'isContour' is defined but never used                                      no-unused-vars
  33552:58    warning  'shapeKind' is defined but never used                                      no-unused-vars
  33663:75    warning  'exports' is defined but never used                                        no-unused-vars
  33822:52    warning  'exports' is defined but never used                                        no-unused-vars
  34132:41    warning  'v1' is defined but never used                                             no-unused-vars
  34132:45    warning  'v2' is defined but never used                                             no-unused-vars
  34132:49    warning  'v3' is defined but never used                                             no-unused-vars
  34132:53    warning  'a' is defined but never used                                              no-unused-vars
  34160:43    warning  'r' is defined but never used                                              no-unused-vars
  34160:46    warning  'g' is defined but never used                                              no-unused-vars
  34160:49    warning  'b' is defined but never used                                              no-unused-vars
  34160:52    warning  'a' is defined but never used                                              no-unused-vars
  34312:108   warning  'exports' is defined but never used                                        no-unused-vars
  34464:11    warning  'id' is assigned a value but never used                                    no-unused-vars
  34898:42    warning  'x' is defined but never used                                              no-unused-vars
  34898:45    warning  'y' is defined but never used                                              no-unused-vars
  34898:48    warning  'z' is defined but never used                                              no-unused-vars
  35104:71    warning  'exports' is defined but never used                                        no-unused-vars

/home/runner/work/exp-two-degree-freedom-system-nitk/exp-two-degree-freedom-system-nitk/experiment/simulation/js/p5.sound.js
     3:39  warning  'define' is not defined                                                    no-undef
     4:5   warning  'define' is not defined                                                    no-undef
     6:13  warning  'require' is not defined                                                   no-undef
    83:31  warning  'perf' is defined but never used                                           no-unused-vars
    93:16  warning  Do not access Object.prototype method 'hasOwnProperty' from target object  no-prototype-builtins
    93:64  warning  Do not access Object.prototype method 'hasOwnProperty' from target object  no-prototype-builtins
    94:29  warning  'webkitAudioContext' is not defined                                        no-undef
   100:56  warning  'AudioContext.prototype.createScriptProcessor' is assigned to itself       no-self-assign
   199:16  warning  Do not access Object.prototype method 'hasOwnProperty' from target object  no-prototype-builtins
   199:71  warning  Do not access Object.prototype method 'hasOwnProperty' from target object  no-prototype-builtins
   200:36  warning  'webkitOfflineAudioContext' is not defined                                 no-undef
   362:11  warning  'rampTime' is already defined                                              no-redeclare
   363:11  warning  'tFromNow' is already defined                                              no-redeclare
   529:18  warning  'path' is assigned to itself                                               no-self-assign
   535:17  warning  'supported' is already defined                                             no-redeclare
   541:24  warning  'i' is already defined                                                     no-redeclare
   552:18  warning  'i' is already defined                                                     no-redeclare
   553:15  warning  'extension' is already defined                                             no-redeclare
   554:15  warning  'supported' is already defined                                             no-redeclare
   562:16  warning  'i' is already defined                                                     no-redeclare
   563:13  warning  'extension' is already defined                                             no-redeclare
   564:13  warning  'supported' is already defined                                             no-redeclare
   625:9   warning  'splitStack' is already defined                                            no-redeclare
   642:42  warning  'numInputChannels' is defined but never used                               no-unused-vars
   652:51  warning  'numChannels' is defined but never used                                    no-unused-vars
   657:48  warning  'obj' is defined but never used                                            no-unused-vars
   702:13  warning  Unexpected constant condition                                              no-constant-condition
   714:48  warning  'obj' is defined but never used                                            no-unused-vars
   906:9   warning  'loggedError' is assigned a value but never used                           no-unused-vars
   927:21  warning  'e' is defined but never used                                              no-unused-vars
   949:35  warning  'e' is defined but never used                                              no-unused-vars
   962:11  warning  'self' is already defined                                                  no-redeclare
  1017:9   warning  'time' is already defined                                                  no-redeclare
  1028:13  warning  'now' is already defined                                                   no-redeclare
  1084:34  warning  'e' is defined but never used                                              no-unused-vars
  1106:11  warning  'cueEnd' is already defined                                                no-redeclare
  1198:9   warning  'time' is already defined                                                  no-redeclare
  1314:49  warning  Invalid typeof comparison value                                            valid-typeof
  1319:23  warning  Empty block statement                                                      no-empty
  1347:11  warning  'rampTime' is already defined                                              no-redeclare
  1348:11  warning  'tFromNow' is already defined                                              no-redeclare
  1469:11  warning  'cRate' is assigned a value but never used                                 no-unused-vars
  1488:27  warning  'midiToFreq' is not defined                                                no-undef
  1488:45  warning  'midiToFreq' is not defined                                                no-undef
  1694:23  warning  Empty block statement                                                      no-empty
  1731:16  warning  Do not access Object.prototype method 'hasOwnProperty' from target object  no-prototype-builtins
  1748:47  warning  'smoothing' is defined but never used                                      no-unused-vars
  1775:9   warning  Unexpected negating the left operand of 'instanceof' operator              no-unsafe-negation
  1822:9   warning  'now' is assigned a value but never used                                   no-unused-vars
  1875:11  warning  'data' is assigned a value but never used                                  no-unused-vars
  1945:76  warning  'p' is defined but never used                                              no-unused-vars
  1966:53  warning  'i' is defined but never used                                              no-unused-vars
  1967:7   warning  Unnecessary try/catch wrapper                                              no-useless-catch
  2001:13  warning  'dif' is assigned a value but never used                                   no-unused-vars
  2121:34  warning  Empty block statement                                                      no-empty
  2297:16  warning  Do not access Object.prototype method 'hasOwnProperty' from target object  no-prototype-builtins
  2306:49  warning  'unit' is defined but never used                                           no-unused-vars
  2611:11  warning  'normalArray' is already defined                                           no-redeclare
  2612:16  warning  'i' is already defined                                                     no-redeclare
  2691:9   warning  'bins' is assigned a value but never used                                  no-unused-vars
  2904:9   warning  'N' is already defined                                                     no-redeclare
  2966:9   warning  'N' is already defined                                                     no-redeclare
  2968:9   warning  'fCtr0' is already defined                                                 no-redeclare
  3412:1   warning  'Tone_signal_SignalBase' is assigned a value but never used                no-unused-vars
  3532:56  warning  Unnecessary escape character: \:                                           no-useless-escape
  3693:51  warning  Unnecessary escape character: \(                                           no-useless-escape
  3693:53  warning  Unnecessary escape character: \)                                           no-useless-escape
  3715:39  warning  Unnecessary escape character: \(                                           no-useless-escape
  3715:41  warning  Unnecessary escape character: \)                                           no-useless-escape
  3715:45  warning  Unnecessary escape character: \+                                           no-useless-escape
  3715:47  warning  Unnecessary escape character: \/                                           no-useless-escape
  3715:49  warning  Unnecessary escape character: \*                                           no-useless-escape
  4082:1   warning  'Tone_core_Gain' is assigned a value but never used                        no-unused-vars
  4399:7   warning  'Signal' is assigned a value but never used                                no-unused-vars
  4471:11  warning  'f' is already defined                                                     no-redeclare
  4483:9   warning  'o' is assigned a value but never used                                     no-unused-vars
  4577:11  warning  'rampTime' is already defined                                              no-redeclare
  4578:11  warning  'tFromNow' is already defined                                              no-redeclare
  4621:11  warning  'rampTime' is already defined                                              no-redeclare
  4622:11  warning  'tFromNow' is already defined                                              no-redeclare
  4676:21  warning  Do not access Object.prototype method 'hasOwnProperty' from target object  no-prototype-builtins
  4689:50  warning  'unit' is defined but never used                                           no-unused-vars
  5315:9   warning  'now' is assigned a value but never used                                   no-unused-vars
  5590:41  warning  'unit' is defined but never used                                           no-unused-vars
  5664:9   warning  'now' is assigned a value but never used                                   no-unused-vars
  5666:9   warning  'susTime' is already defined                                               no-redeclare
  5984:43  warning  'unit' is defined but never used                                           no-unused-vars
  6044:9   warning  'now' is assigned a value but never used                                   no-unused-vars
  6049:17  warning  Empty block statement                                                      no-empty
  6052:7   warning  'mathOps' is not defined                                                   no-undef
  6199:11  warning  'rampTime' is already defined                                              no-redeclare
  6200:11  warning  'tFromNow' is already defined                                              no-redeclare
  6422:7   warning  'CustomError' is assigned a value but never used                           no-unused-vars
  6486:12  warning  Empty block statement                                                      no-empty
  6578:16  warning  Do not access Object.prototype method 'hasOwnProperty' from target object  no-prototype-builtins
  6580:23  warning  Do not access Object.prototype method 'hasOwnProperty' from target object  no-prototype-builtins
  6920:7   warning  'freq' is not defined                                                      no-undef
  6946:9   warning  'rampTime' is already defined                                              no-redeclare
  6947:9   warning  'tFromNow' is already defined                                              no-redeclare
  7024:7   warning  'Filter' is assigned a value but never used                                no-unused-vars
  7260:9   warning  'rampTime' is already defined                                              no-redeclare
  7261:9   warning  'tFromNow' is already defined                                              no-redeclare
  7429:9   warning  'rampTime' is already defined                                              no-redeclare
  7430:9   warning  'tFromNow' is already defined                                              no-redeclare
  7643:9   warning  'path' is already defined                                                  no-redeclare
  7664:19  warning  'e' is defined but never used                                              no-unused-vars
  7686:33  warning  'e' is defined but never used                                              no-unused-vars
  7827:1   warning  'Tone_core_TimelineState' is assigned a value but never used               no-unused-vars
  7986:7   warning  'ac' is assigned a value but never used                                    no-unused-vars
  8030:9   warning  'rampTime' is already defined                                              no-redeclare
  8035:41  warning  'tempo' is defined but never used                                          no-unused-vars
  8837:7   warning  'p5sound' is assigned a value but never used                               no-unused-vars
  8929:9   warning  'framesPerPeak' is defined but never used                                  no-unused-vars
  9173:9   warning  'rampTime' is already defined                                              no-redeclare
  9174:9   warning  'tFromNow' is already defined                                              no-redeclare
  9331:1   warning  'src_app' is assigned a value but never used                               no-unused-vars

/home/runner/work/exp-two-degree-freedom-system-nitk/exp-two-degree-freedom-system-nitk/experiment/simulation/js/page1.js
   1:10  warning  'runPage1' is defined but never used  no-unused-vars
   2:5   warning  'background' is not defined           no-undef
   3:5   warning  'image' is not defined                no-undef
   3:11  warning  'bg' is not defined                   no-undef
   4:5   warning  'stroke' is not defined               no-undef
   5:5   warning  'fill' is not defined                 no-undef
   7:5   warning  'push' is not defined                 no-undef
   8:5   warning  'textSize' is not defined             no-undef
  10:5   warning  'textFont' is not defined             no-undef
  11:5   warning  'text' is not defined                 no-undef
  12:5   warning  'text' is not defined                 no-undef
  14:5   warning  'textSize' is not defined             no-undef
  15:5   warning  'text' is not defined                 no-undef
  16:5   warning  'text' is not defined                 no-undef
  17:5   warning  'pop' is not defined                  no-undef
  19:5   warning  'push' is not defined                 no-undef
  20:5   warning  'stroke' is not defined               no-undef
  22:9   warning  'point' is not defined                no-undef
  26:9   warning  'point' is not defined                no-undef
  29:5   warning  'pop' is not defined                  no-undef
  35:5   warning  'position_graph1' is not defined      no-undef
  35:28  warning  'spring1' is not defined              no-undef
  36:5   warning  'position_graph1' is not defined      no-undef
  38:5   warning  'position_graph2' is not defined      no-undef
  38:28  warning  'spring1' is not defined              no-undef
  39:5   warning  'position_graph2' is not defined      no-undef
  41:5   warning  'strokeWeight' is not defined         no-undef
  43:8   warning  'x1' is not defined                   no-undef
  43:21  warning  'x2' is not defined                   no-undef
  44:5   warning  'textSize' is not defined             no-undef
  45:5   warning  'textFont' is not defined             no-undef
  46:5   warning  'fill' is not defined                 no-undef
  47:5   warning  'text' is not defined                 no-undef
  47:20  warning  'spring1' is not defined              no-undef
  48:5   warning  'text' is not defined                 no-undef
  48:20  warning  'spring1' is not defined              no-undef
  49:5   warning  'text' is not defined                 no-undef
  49:24  warning  'spring1' is not defined              no-undef
  50:5   warning  'text' is not defined                 no-undef
  50:24  warning  'spring1' is not defined              no-undef
  53:5   warning  'spring1' is not defined              no-undef
  53:24  warning  'x1' is not defined                   no-undef
  53:31  warning  'x2' is not defined                   no-undef
  53:38  warning  'k1' is not defined                   no-undef
  53:45  warning  'm1' is not defined                   no-undef
  53:52  warning  'k2' is not defined                   no-undef
  53:59  warning  'm2' is not defined                   no-undef
  54:5   warning  'spring1' is not defined              no-undef
  54:20  warning  't' is not defined                    no-undef
  54:23  warning  'factor' is not defined               no-undef
  55:5   warning  'spring1' is not defined              no-undef
  56:5   warning  'strokeWeight' is not defined         no-undef
  60:5   warning  'line' is not defined                 no-undef
  60:11  warning  'spring1' is not defined              no-undef
  60:39  warning  'spring1' is not defined              no-undef
  60:67  warning  'position_graph1' is not defined      no-undef
  60:96  warning  'position_graph1' is not defined      no-undef
  61:5   warning  'line' is not defined                 no-undef
  61:11  warning  'spring1' is not defined              no-undef
  61:39  warning  'spring1' is not defined              no-undef
  61:67  warning  'position_graph2' is not defined      no-undef
  61:96  warning  'position_graph2' is not defined      no-undef
  65:5   warning  'fill' is not defined                 no-undef
  66:5   warning  'textSize' is not defined             no-undef
  67:5   warning  'text' is not defined                 no-undef
  69:5   warning  'x1' is not defined                   no-undef
  70:5   warning  'x2' is not defined                   no-undef
  71:5   warning  'k1' is not defined                   no-undef
  72:5   warning  'm1' is not defined                   no-undef
  73:5   warning  'k2' is not defined                   no-undef
  74:5   warning  'm2' is not defined                   no-undef
  78:12  warning  'x1' is not defined                   no-undef
  78:25  warning  'x2' is not defined                   no-undef
  79:13  warning  'button1' is not defined              no-undef
  80:13  warning  'button2' is not defined              no-undef
  82:5   warning  't' is not defined                    no-undef
  82:9   warning  't' is not defined                    no-undef
  82:13  warning  'dt' is not defined                   no-undef

/home/runner/work/exp-two-degree-freedom-system-nitk/exp-two-degree-freedom-system-nitk/experiment/simulation/js/page2.js
   1:10   warning  'runPage2' is defined but never used  no-unused-vars
   2:5    warning  'background' is not defined           no-undef
   3:5    warning  'image' is not defined                no-undef
   3:11   warning  'bg' is not defined                   no-undef
   5:5    warning  'stroke' is not defined               no-undef
   6:5    warning  'fill' is not defined                 no-undef
   8:5    warning  'strokeWeight' is not defined         no-undef
   9:5    warning  'push' is not defined                 no-undef
  10:5    warning  'textSize' is not defined             no-undef
  11:5    warning  'textFont' is not defined             no-undef
  12:5    warning  'text' is not defined                 no-undef
  13:5    warning  'text' is not defined                 no-undef
  15:5    warning  'textSize' is not defined             no-undef
  16:5    warning  'text' is not defined                 no-undef
  17:5    warning  'text' is not defined                 no-undef
  18:5    warning  'pop' is not defined                  no-undef
  20:5    warning  'strokeWeight' is not defined         no-undef
  21:5    warning  'textSize' is not defined             no-undef
  22:5    warning  'text' is not defined                 no-undef
  22:62   warning  'spring1' is not defined              no-undef
  23:5    warning  'text' is not defined                 no-undef
  23:63   warning  'spring1' is not defined              no-undef
  24:5    warning  'text' is not defined                 no-undef
  24:58   warning  'spring1' is not defined              no-undef
  25:5    warning  'text' is not defined                 no-undef
  25:59   warning  'spring1' is not defined              no-undef
  26:8    warning  'spring1' is not defined              no-undef
  26:20   warning  'spring1' is not defined              no-undef
  27:5    warning  'text' is not defined                 no-undef
  27:44   warning  'spring1' is not defined              no-undef
  27:69   warning  'spring1' is not defined              no-undef
  27:99   warning  'spring1' is not defined              no-undef
  28:5    warning  'text' is not defined                 no-undef
  28:44   warning  'spring1' is not defined              no-undef
  28:74   warning  'spring1' is not defined              no-undef
  31:13   warning  'spring1' is not defined              no-undef
  31:27   warning  'spring1' is not defined              no-undef
  32:9    warning  'text' is not defined                 no-undef
  32:48   warning  'spring1' is not defined              no-undef
  32:75   warning  'spring1' is not defined              no-undef
  32:106  warning  'spring1' is not defined              no-undef
  33:9    warning  'text' is not defined                 no-undef
  33:47   warning  'spring1' is not defined              no-undef
  33:77   warning  'spring1' is not defined              no-undef
  37:9    warning  'text' is not defined                 no-undef
  37:48   warning  'spring1' is not defined              no-undef
  37:80   warning  'spring1' is not defined              no-undef
  37:112  warning  'spring1' is not defined              no-undef
  37:146  warning  'spring1' is not defined              no-undef
  38:9    warning  'text' is not defined                 no-undef
  38:48   warning  'spring1' is not defined              no-undef
  38:80   warning  'spring1' is not defined              no-undef
  38:112  warning  'spring1' is not defined              no-undef
  38:146  warning  'spring1' is not defined              no-undef
  42:5    warning  'strokeWeight' is not defined         no-undef
  43:5    warning  'spring1' is not defined              no-undef
  43:24   warning  'x1' is not defined                   no-undef
  43:31   warning  'x2' is not defined                   no-undef
  43:38   warning  'k1' is not defined                   no-undef
  43:45   warning  'm1' is not defined                   no-undef
  43:52   warning  'k2' is not defined                   no-undef
  43:59   warning  'm2' is not defined                   no-undef
  44:5    warning  'spring1' is not defined              no-undef
  44:20   warning  't' is not defined                    no-undef
  44:22   warning  'factor' is not defined               no-undef
  48:5    warning  'button3' is not defined              no-undef
  49:5    warning  'button4' is not defined              no-undef
  50:5    warning  'x1' is not defined                   no-undef
  51:5    warning  'x2' is not defined                   no-undef
  52:5    warning  'k1' is not defined                   no-undef
  53:5    warning  'm1' is not defined                   no-undef
  54:5    warning  'k2' is not defined                   no-undef
  55:5    warning  'm2' is not defined                   no-undef
  56:5    warning  't' is not defined                    no-undef
  56:9    warning  't' is not defined                    no-undef
  56:11   warning  'dt' is not defined                   no-undef

/home/runner/work/exp-two-degree-freedom-system-nitk/exp-two-degree-freedom-system-nitk/experiment/simulation/js/page3.js
    1:10  warning  'runPage3' is defined but never used  no-unused-vars
    2:5   warning  'background' is not defined           no-undef
    3:5   warning  'image' is not defined                no-undef
    3:11  warning  'bg' is not defined                   no-undef
    5:5   warning  'stroke' is not defined               no-undef
    6:5   warning  'fill' is not defined                 no-undef
    8:5   warning  'push' is not defined                 no-undef
    9:5   warning  'strokeWeight' is not defined         no-undef
   10:5   warning  'textSize' is not defined             no-undef
   11:5   warning  'textFont' is not defined             no-undef
   12:5   warning  'text' is not defined                 no-undef
   13:5   warning  'text' is not defined                 no-undef
   15:5   warning  'textSize' is not defined             no-undef
   16:5   warning  'text' is not defined                 no-undef
   17:5   warning  'text' is not defined                 no-undef
   18:5   warning  'pop' is not defined                  no-undef
   20:5   warning  'textSize' is not defined             no-undef
   21:5   warning  'text' is not defined                 no-undef
   22:5   warning  'text' is not defined                 no-undef
   23:5   warning  'strokeWeight' is not defined         no-undef
   24:5   warning  'line' is not defined                 no-undef
   25:5   warning  'line' is not defined                 no-undef
   27:8   warning  'spring1' is not defined              no-undef
   27:20  warning  'spring1' is not defined              no-undef
   30:5   warning  'textFont' is not defined             no-undef
   31:5   warning  'textSize' is not defined             no-undef
   32:5   warning  'text' is not defined                 no-undef
   33:5   warning  'textSize' is not defined             no-undef
   34:5   warning  'text' is not defined                 no-undef
   35:5   warning  'text' is not defined                 no-undef
   36:5   warning  'strokeWeight' is not defined         no-undef
   37:5   warning  'stroke' is not defined               no-undef
   38:5   warning  'line' is not defined                 no-undef
   39:5   warning  'stroke' is not defined               no-undef
   40:5   warning  'line' is not defined                 no-undef
   40:23  warning  'spring1' is not defined              no-undef
   40:35  warning  'spring1' is not defined              no-undef
   41:5   warning  'line' is not defined                 no-undef
   41:23  warning  'spring1' is not defined              no-undef
   42:5   warning  'stroke' is not defined               no-undef
   43:5   warning  'line' is not defined                 no-undef
   43:23  warning  'spring1' is not defined              no-undef
   43:35  warning  'spring1' is not defined              no-undef
   44:5   warning  'line' is not defined                 no-undef
   44:15  warning  'spring1' is not defined              no-undef
   44:27  warning  'spring1' is not defined              no-undef
   44:50  warning  'spring1' is not defined              no-undef
   45:5   warning  'line' is not defined                 no-undef
   45:15  warning  'spring1' is not defined              no-undef
   48:13  warning  'spring1' is not defined              no-undef
   48:27  warning  'spring1' is not defined              no-undef
   50:9   warning  'textFont' is not defined             no-undef
   51:9   warning  'textSize' is not defined             no-undef
   52:9   warning  'text' is not defined                 no-undef
   53:9   warning  'textSize' is not defined             no-undef
   54:9   warning  'text' is not defined                 no-undef
   55:9   warning  'text' is not defined                 no-undef
   56:9   warning  'strokeWeight' is not defined         no-undef
   57:9   warning  'stroke' is not defined               no-undef
   58:9   warning  'line' is not defined                 no-undef
   59:9   warning  'stroke' is not defined               no-undef
   60:9   warning  'line' is not defined                 no-undef
   60:27  warning  'spring1' is not defined              no-undef
   60:39  warning  'spring1' is not defined              no-undef
   61:9   warning  'line' is not defined                 no-undef
   61:27  warning  'spring1' is not defined              no-undef
   62:9   warning  'stroke' is not defined               no-undef
   63:9   warning  'line' is not defined                 no-undef
   63:27  warning  'spring1' is not defined              no-undef
   63:39  warning  'spring1' is not defined              no-undef
   64:9   warning  'line' is not defined                 no-undef
   64:19  warning  'spring1' is not defined              no-undef
   64:31  warning  'spring1' is not defined              no-undef
   64:54  warning  'spring1' is not defined              no-undef
   65:9   warning  'line' is not defined                 no-undef
   65:19  warning  'spring1' is not defined              no-undef
   70:5   warning  'textFont' is not defined             no-undef
   71:5   warning  'textSize' is not defined             no-undef
   72:5   warning  'text' is not defined                 no-undef
   73:5   warning  'textSize' is not defined             no-undef
   74:5   warning  'text' is not defined                 no-undef
   75:5   warning  'text' is not defined                 no-undef
   78:5   warning  'strokeWeight' is not defined         no-undef
   79:5   warning  'stroke' is not defined               no-undef
   80:5   warning  'line' is not defined                 no-undef
   81:5   warning  'stroke' is not defined               no-undef
   82:5   warning  'line' is not defined                 no-undef
   82:23  warning  'spring1' is not defined              no-undef
   83:5   warning  'line' is not defined                 no-undef
   83:23  warning  'spring1' is not defined              no-undef
   84:5   warning  'stroke' is not defined               no-undef
   85:5   warning  'line' is not defined                 no-undef
   85:23  warning  'spring1' is not defined              no-undef
   86:5   warning  'line' is not defined                 no-undef
   86:15  warning  'spring1' is not defined              no-undef
   86:39  warning  'spring1' is not defined              no-undef
   87:5   warning  'line' is not defined                 no-undef
   87:15  warning  'spring1' is not defined              no-undef
   89:5   warning  'strokeWeight' is not defined         no-undef
   90:5   warning  'stroke' is not defined               no-undef
   91:5   warning  'line' is not defined                 no-undef
   92:5   warning  'stroke' is not defined               no-undef
   93:5   warning  'line' is not defined                 no-undef
   93:23  warning  'spring1' is not defined              no-undef
   94:5   warning  'line' is not defined                 no-undef
   94:23  warning  'spring1' is not defined              no-undef
   95:5   warning  'stroke' is not defined               no-undef
   96:5   warning  'line' is not defined                 no-undef
   96:23  warning  'spring1' is not defined              no-undef
   97:5   warning  'line' is not defined                 no-undef
   97:15  warning  'spring1' is not defined              no-undef
   97:40  warning  'spring1' is not defined              no-undef
   98:5   warning  'line' is not defined                 no-undef
   98:15  warning  'spring1' is not defined              no-undef
  101:5   warning  'strokeWeight' is not defined         no-undef
  102:5   warning  'spring1' is not defined              no-undef
  102:24  warning  'x1' is not defined                   no-undef
  102:31  warning  'x2' is not defined                   no-undef
  102:38  warning  'k1' is not defined                   no-undef
  102:45  warning  'm1' is not defined                   no-undef
  102:52  warning  'k2' is not defined                   no-undef
  102:59  warning  'm2' is not defined                   no-undef
  103:5   warning  'spring1' is not defined              no-undef
  103:20  warning  't' is not defined                    no-undef
  103:23  warning  'factor' is not defined               no-undef
  104:5   warning  'button5' is not defined              no-undef
  105:5   warning  'button6' is not defined              no-undef
  106:5   warning  'x1' is not defined                   no-undef
  107:5   warning  'x2' is not defined                   no-undef
  108:5   warning  'k1' is not defined                   no-undef
  109:5   warning  'm1' is not defined                   no-undef
  110:5   warning  'k2' is not defined                   no-undef
  111:5   warning  'm2' is not defined                   no-undef
  112:5   warning  't' is not defined                    no-undef
  112:9   warning  't' is not defined                    no-undef
  112:11  warning  'dt' is not defined                   no-undef

/home/runner/work/exp-two-degree-freedom-system-nitk/exp-two-degree-freedom-system-nitk/experiment/simulation/js/page4.js
   1:10  warning  'runPage4' is defined but never used  no-unused-vars
   2:5   warning  'background' is not defined           no-undef
   3:5   warning  'image' is not defined                no-undef
   3:11  warning  'bg' is not defined                   no-undef
   6:5   warning  'textSize' is not defined             no-undef
   7:5   warning  'stroke' is not defined               no-undef
   8:5   warning  'textFont' is not defined             no-undef
   9:5   warning  'text' is not defined                 no-undef
  10:5   warning  'text' is not defined                 no-undef
  12:5   warning  'textSize' is not defined             no-undef
  13:5   warning  'text' is not defined                 no-undef
  14:5   warning  'text' is not defined                 no-undef
  15:5   warning  'pop' is not defined                  no-undef
  17:5   warning  'textSize' is not defined             no-undef
  18:5   warning  'stroke' is not defined               no-undef
  19:5   warning  'text' is not defined                 no-undef
  21:4   warning  'magFac1' is not defined              no-undef
  22:4   warning  'magFac1' is not defined              no-undef
  24:4   warning  'magFac2' is not defined              no-undef
  25:4   warning  'magFac2' is not defined              no-undef
  28:4   warning  'stroke' is not defined               no-undef
  29:4   warning  'textSize' is not defined             no-undef
  30:4   warning  'line' is not defined                 no-undef
  32:4   warning  'stroke' is not defined               no-undef
  33:4   warning  'text' is not defined                 no-undef
  34:4   warning  'text' is not defined                 no-undef
  35:4   warning  'text' is not defined                 no-undef
  37:4   warning  'stroke' is not defined               no-undef
  38:4   warning  'textSize' is not defined             no-undef
  39:4   warning  'line' is not defined                 no-undef
  41:4   warning  'stroke' is not defined               no-undef
  42:4   warning  'text' is not defined                 no-undef
  43:4   warning  'text' is not defined                 no-undef
  44:4   warning  'text' is not defined                 no-undef
  49:4   warning  'stroke' is not defined               no-undef
  50:4   warning  'strokeWeight' is not defined         no-undef
  51:4   warning  'point' is not defined                no-undef
  52:4   warning  'strokeWeight' is not defined         no-undef
  53:4   warning  'text' is not defined                 no-undef
  54:4   warning  'stroke' is not defined               no-undef
  55:4   warning  'strokeWeight' is not defined         no-undef
  56:4   warning  'point' is not defined                no-undef
  57:4   warning  'strokeWeight' is not defined         no-undef
  58:4   warning  'text' is not defined                 no-undef
  60:4   warning  'stroke' is not defined               no-undef
  61:4   warning  'strokeWeight' is not defined         no-undef
  62:4   warning  'point' is not defined                no-undef
  62:15  warning  'spring1' is not defined              no-undef
  64:4   warning  'stroke' is not defined               no-undef
  65:4   warning  'strokeWeight' is not defined         no-undef
  66:4   warning  'point' is not defined                no-undef
  66:16  warning  'spring1' is not defined              no-undef
  68:4   warning  'strokeWeight' is not defined         no-undef
  69:4   warning  'button7' is not defined              no-undef
  70:4   warning  'strokeWeight' is not defined         no-undef
  71:4   warning  'spring1' is not defined              no-undef
  71:23  warning  'x1' is not defined                   no-undef
  71:30  warning  'x2' is not defined                   no-undef
  71:37  warning  'k1' is not defined                   no-undef
  71:44  warning  'm1' is not defined                   no-undef
  71:51  warning  'k2' is not defined                   no-undef
  71:58  warning  'm2' is not defined                   no-undef
  72:4   warning  'spring1' is not defined              no-undef
  72:19  warning  't' is not defined                    no-undef
  72:21  warning  'factor' is not defined               no-undef
  74:4   warning  'x1' is not defined                   no-undef
  75:4   warning  'x2' is not defined                   no-undef
  76:4   warning  'k1' is not defined                   no-undef
  77:4   warning  'm1' is not defined                   no-undef
  78:4   warning  'k2' is not defined                   no-undef
  79:4   warning  'm2' is not defined                   no-undef
  80:4   warning  't' is not defined                    no-undef
  80:8   warning  't' is not defined                    no-undef
  80:10  warning  'dt' is not defined                   no-undef

/home/runner/work/exp-two-degree-freedom-system-nitk/exp-two-degree-freedom-system-nitk/experiment/simulation/js/sketch.js
    7:5   warning  't' is assigned a value but never used                no-unused-vars
    8:5   warning  'dt' is assigned a value but never used               no-unused-vars
   11:5   warning  'spring1' is assigned a value but never used          no-unused-vars
   15:5   warning  'J' is defined but never used                         no-unused-vars
   21:5   warning  'position_graph1' is assigned a value but never used  no-unused-vars
   22:5   warning  'position_graph2' is assigned a value but never used  no-unused-vars
   23:5   warning  'magFac' is defined but never used                    no-unused-vars
   31:5   warning  'k1' is assigned a value but never used               no-unused-vars
   32:5   warning  'k2' is assigned a value but never used               no-unused-vars
   33:5   warning  'M' is defined but never used                         no-unused-vars
   34:5   warning  'w' is defined but never used                         no-unused-vars
   35:5   warning  'F0' is defined but never used                        no-unused-vars
   39:5   warning  'factor' is assigned a value but never used           no-unused-vars
   42:5   warning  'img' is defined but never used                       no-unused-vars
   43:5   warning  'button1' is assigned a value but never used          no-unused-vars
   44:5   warning  'button2' is assigned a value but never used          no-unused-vars
   45:5   warning  'button3' is assigned a value but never used          no-unused-vars
   46:5   warning  'button4' is assigned a value but never used          no-unused-vars
   47:5   warning  'button5' is assigned a value but never used          no-unused-vars
   48:5   warning  'button6' is assigned a value but never used          no-unused-vars
   49:5   warning  'button7' is assigned a value but never used          no-unused-vars
   51:5   warning  'spr' is assigned a value but never used              no-unused-vars
   60:5   warning  'animation' is assigned a value but never used        no-unused-vars
   61:5   warning  'touch' is assigned a value but never used            no-unused-vars
   64:5   warning  'clear' is defined but never used                     no-unused-vars
   66:10  warning  'preload' is defined but never used                   no-unused-vars
   67:5   warning  'play' is not defined                                 no-undef
   67:12  warning  'loadImage' is not defined                            no-undef
   68:5   warning  'pause' is not defined                                no-undef
   68:13  warning  'loadImage' is not defined                            no-undef
   69:5   warning  'graph' is not defined                                no-undef
   69:13  warning  'loadImage' is not defined                            no-undef
   70:5   warning  'back' is not defined                                 no-undef
   70:12  warning  'loadImage' is not defined                            no-undef
   71:5   warning  'bg' is not defined                                   no-undef
   71:10  warning  'loadImage' is not defined                            no-undef
   72:11  warning  'loadImage' is not defined                            no-undef
   76:10  warning  'setup' is defined but never used                     no-unused-vars
   80:5   warning  'textFont' is not defined                             no-undef
   82:5   warning  'createCanvas' is not defined                         no-undef
   83:19  warning  'System' is not defined                               no-undef
   85:27  warning  'Graph' is not defined                                no-undef
   87:27  warning  'Graph' is not defined                                no-undef
   89:5   warning  'magFac1' is not defined                              no-undef
   89:19  warning  'DynamicGraph' is not defined                         no-undef
   89:78  warning  'System' is not defined                               no-undef
   90:5   warning  'magFac2' is not defined                              no-undef
   90:19  warning  'DynamicGraph' is not defined                         no-undef
   90:78  warning  'System' is not defined                               no-undef
   95:5   warning  'x1' is not defined                                   no-undef
   95:14  warning  'NumberInput' is not defined                          no-undef
   96:5   warning  'x2' is not defined                                   no-undef
   96:13  warning  'NumberInput' is not defined                          no-undef
   97:14  warning  'NumberInput' is not defined                          no-undef
   98:5   warning  'm1' is not defined                                   no-undef
   98:14  warning  'NumberInput' is not defined                          no-undef
   99:14  warning  'NumberInput' is not defined                          no-undef
  100:5   warning  'm2' is not defined                                   no-undef
  100:14  warning  'NumberInput' is not defined                          no-undef
  101:19  warning  'Button' is not defined                               no-undef
  101:36  warning  'pause' is not defined                                no-undef
  102:19  warning  'Button' is not defined                               no-undef
  102:36  warning  'graph' is not defined                                no-undef
  103:19  warning  'Button' is not defined                               no-undef
  103:34  warning  'back' is not defined                                 no-undef
  104:19  warning  'Button' is not defined                               no-undef
  104:36  warning  'graph' is not defined                                no-undef
  105:19  warning  'Button' is not defined                               no-undef
  105:34  warning  'back' is not defined                                 no-undef
  106:19  warning  'Button' is not defined                               no-undef
  106:36  warning  'graph' is not defined                                no-undef
  107:19  warning  'Button' is not defined                               no-undef
  107:37  warning  'back' is not defined                                 no-undef
  111:10  warning  'draw' is defined but never used                      no-unused-vars
  113:9   warning  'runPage1' is not defined                             no-undef
  117:9   warning  'runPage2' is not defined                             no-undef
  121:9   warning  'runPage3' is not defined                             no-undef
  126:9   warning  'runPage4' is not defined                             no-undef
  130:10  warning  'mousePressed' is defined but never used              no-unused-vars
  131:17  warning  'mouseX' is not defined                               no-undef
  131:25  warning  'mouseY' is not defined                               no-undef
  132:5   warning  'handleEvents' is not defined                         no-undef

/home/runner/work/exp-two-degree-freedom-system-nitk/exp-two-degree-freedom-system-nitk/experiment/simulation/js/system.js
    1:7   warning  'System' is defined but never used  no-unused-vars
   79:9   warning  'push' is not defined               no-undef
   80:19  warning  'spr' is not defined                no-undef
   81:19  warning  'spr' is not defined                no-undef
   82:9   warning  'textSize' is not defined           no-undef
   83:9   warning  'fill' is not defined               no-undef
   85:13  warning  'fill' is not defined               no-undef
   86:13  warning  'text' is not defined               no-undef
   87:13  warning  'text' is not defined               no-undef
   88:13  warning  'text' is not defined               no-undef
   89:13  warning  'fill' is not defined               no-undef
   90:13  warning  'text' is not defined               no-undef
   91:9   warning  'strokeWeight' is not defined       no-undef
   92:9   warning  'line' is not defined               no-undef
   93:9   warning  'line' is not defined               no-undef
   94:9   warning  'line' is not defined               no-undef
   95:9   warning  'line' is not defined               no-undef
   97:9   warning  'line' is not defined               no-undef
   98:9   warning  'line' is not defined               no-undef
   99:9   warning  'line' is not defined               no-undef
  100:9   warning  'line' is not defined               no-undef
  101:9   warning  'strokeWeight' is not defined       no-undef
  102:9   warning  'text' is not defined               no-undef
  106:9   warning  'image' is not defined              no-undef
  106:15  warning  'spr' is not defined                no-undef
  107:9   warning  'fill' is not defined               no-undef
  108:9   warning  'textSize' is not defined           no-undef
  109:9   warning  'text' is not defined               no-undef
  110:9   warning  'image' is not defined              no-undef
  110:15  warning  'spr' is not defined                no-undef
  112:9   warning  'fill' is not defined               no-undef
  113:9   warning  'textSize' is not defined           no-undef
  114:9   warning  'text' is not defined               no-undef
  117:9   warning  'rectMode' is not defined           no-undef
  117:18  warning  'CENTER' is not defined             no-undef
  118:9   warning  'fill' is not defined               no-undef
  119:9   warning  'rect' is not defined               no-undef
  122:9   warning  'rect' is not defined               no-undef
  123:9   warning  'stroke' is not defined             no-undef
  124:9   warning  'strokeWeight' is not defined       no-undef
  125:9   warning  'fill' is not defined               no-undef
  126:9   warning  'rectMode' is not defined           no-undef
  126:18  warning  'CENTER' is not defined             no-undef
  127:9   warning  'fill' is not defined               no-undef
  128:9   warning  'rect' is not defined               no-undef
  129:9   warning  'fill' is not defined               no-undef
  130:9   warning  'textSize' is not defined           no-undef
  131:9   warning  'text' is not defined               no-undef
  132:9   warning  'rectMode' is not defined           no-undef
  132:18  warning  'CENTER' is not defined             no-undef
  133:9   warning  'fill' is not defined               no-undef
  134:9   warning  'rect' is not defined               no-undef
  135:9   warning  'fill' is not defined               no-undef
  136:9   warning  'textSize' is not defined           no-undef
  137:9   warning  'text' is not defined               no-undef
  139:9   warning  'fill' is not defined               no-undef
  140:9   warning  'ellipse' is not defined            no-undef
  143:9   warning  'fill' is not defined               no-undef
  146:9   warning  'ellipse' is not defined            no-undef
  147:9   warning  'pop' is not defined                no-undef
  158:13  warning  'abs' is not defined                no-undef
  159:20  warning  'abs' is not defined                no-undef
  172:13  warning  'abs' is not defined                no-undef
  173:20  warning  'abs' is not defined                no-undef

/home/runner/work/exp-two-degree-freedom-system-nitk/exp-two-degree-freedom-system-nitk/experiment/simulation/libraries/p5.gui.js
   22:3   warning  'p5' is not defined              no-undef
   53:10  warning  'QuickSettings' is not defined   no-undef
   74:3   warning  'p5' is not defined              no-undef
   74:37  warning  'gui' is defined but never used  no-unused-vars
   79:3   warning  'p5' is not defined              no-undef
   86:3   warning  'p5' is not defined              no-undef
   94:3   warning  'p5' is not defined              no-undef
  110:14  warning  'QuickSettings' is not defined   no-undef
  124:7   warning  'object' is not defined          no-undef
  134:30  warning  'object' is not defined          no-undef
  136:21  warning  'object' is not defined          no-undef
  205:17  warning  'vmin' is already defined        no-redeclare
  206:17  warning  'vmax' is already defined        no-redeclare

/home/runner/work/exp-two-degree-freedom-system-nitk/exp-two-degree-freedom-system-nitk/experiment/simulation/libraries/quicksettings.js
   705:17  warning  'span' is assigned a value but never used  no-unused-vars
   960:13  warning  Unnecessary semicolon                      no-extra-semi
  1147:13  warning  'img' is not defined                       no-undef
  1148:13  warning  'img' is not defined                       no-undef
  1152:26  warning  'img' is not defined                       no-undef
  1160:25  warning  'img' is not defined                       no-undef
  1161:29  warning  'img' is not defined                       no-undef
  1632:9   warning  'module' is not defined                    no-undef
  1634:46  warning  'define' is not defined                    no-undef
  1635:9   warning  'define' is not defined                    no-undef

✖ 999 problems (0 errors, 999 warnings)
  0 errors and 3 warnings potentially fixable with the `--fix` option.

